<?xml version="1.0" encoding="UTF-8"?>
<!-- Generated by org.testng.reporters.JUnitReportReporter -->
<testsuite hostname="MAX-LAP-0673" failures="0" tests="1" name="Supriti.tests.RemoveItemFromCartTest" time="10.835" errors="0" timestamp="2024-08-07T12:36:18 IST" skipped="0">
  <testcase classname="Supriti.tests.RemoveItemFromCartTest" name="removeItemFromCartTest" time="10.835"/>
</testsuite> <!-- Supriti.tests.RemoveItemFromCartTest -->
