<?xml version="1.0" encoding="UTF-8"?>
<!-- Generated by org.testng.reporters.JUnitReportReporter -->
<testsuite hostname="MAX-LAP-0673" failures="0" tests="1" name="Supriti.tests.VerifyLoginTest" time="0.262" errors="0" timestamp="2024-08-07T12:36:18 IST" skipped="0">
  <testcase classname="Supriti.tests.VerifyLoginTest" name="loginTest" time="0.262"/>
</testsuite> <!-- Supriti.tests.VerifyLoginTest -->
