<?xml version="1.0" encoding="UTF-8"?>
<!-- Generated by org.testng.reporters.JUnitReportReporter -->
<testsuite hostname="MAX-LAP-0673" failures="0" tests="1" name="Supriti.tests.LoginTest" time="0.560" errors="0" timestamp="2024-08-02T07:23:38 IST" skipped="0">
  <testcase classname="Supriti.tests.LoginTest" name="testLogin" time="0.560"/>
</testsuite> <!-- Supriti.tests.LoginTest -->
