<?xml version="1.0" encoding="UTF-8"?>
<!-- Generated by org.testng.reporters.JUnitReportReporter -->
<testsuite hostname="MAX-LAP-0673" failures="0" tests="1" name="Supriti.tests.StandAloneTest" time="0.629" errors="0" timestamp="2024-08-06T13:11:49 IST" skipped="0">
  <testcase classname="Supriti.tests.StandAloneTest" name="e2e" time="0.629"/>
</testsuite> <!-- Supriti.tests.StandAloneTest -->
